#
# There is insufficient memory for the Java Runtime Environment to continue.
# Native memory allocation (mmap) failed to map 130023424 bytes for G1 virtual space
# Possible reasons:
#   The system is out of physical RAM or swap space
#   The process is running with CompressedOops enabled, and the Java Heap may be blocking the growth of the native heap
# Possible solutions:
#   Reduce memory load on the system
#   Increase physical memory or swap space
#   Check if swap backing store is full
#   Decrease Java heap size (-Xmx/-Xms)
#   Decrease number of Java threads
#   Decrease Java thread stack sizes (-Xss)
#   Set larger code cache with -XX:ReservedCodeCacheSize=
#   JVM is running with Unscaled Compressed Oops mode in which the Java heap is
#     placed in the first 4GB address space. The Java Heap base address is the
#     maximum limit for the native heap growth. Please use -XX:HeapBaseMinAddress
#     to set the Java Heap base and to place the Java Heap above 4GB virtual address.
# This output file may be truncated or incomplete.
#
#  Out of Memory Error (os_windows.cpp:3548), pid=8972, tid=6420
#
# JRE version:  (17.0.12+8) (build )
# Java VM: Java HotSpot(TM) 64-Bit Server VM (17.0.12+8-LTS-286, mixed mode, sharing, tiered, compressed oops, compressed class ptrs, g1 gc, windows-amd64)
# No core dump will be written. Minidumps are not enabled by default on client versions of Windows
#

---------------  S U M M A R Y ------------

Command Line: -Dfile.encoding=UTF-8 --module-path=C:\Users\AL SYED COMPUTER\Documents\NetBeansProjects\Bank Management\build\classes bank.management.SignupThree

Host: 11th Gen Intel(R) Core(TM) i5-1135G7 @ 2.40GHz, 8 cores, 7G,  Windows 11 , 64 bit Build 26100 (10.0.26100.8328)
Time: Sat May 16 16:47:04 2026 Pakistan Standard Time elapsed time: 0.089200 seconds (0d 0h 0m 0s)

---------------  T H R E A D  ---------------

Current thread (0x000002544489a070):  JavaThread "Unknown thread" [_thread_in_vm, id=6420, stack(0x000000d66f900000,0x000000d66fa00000)]

Stack: [0x000000d66f900000,0x000000d66fa00000]
Native frames: (J=compiled Java code, j=interpreted, Vv=VM code, C=native code)
V  [jvm.dll+0x67a04a]
V  [jvm.dll+0x7da4ed]
V  [jvm.dll+0x7dbe33]
V  [jvm.dll+0x7dc4a3]
V  [jvm.dll+0x24508f]
V  [jvm.dll+0x677089]
V  [jvm.dll+0x66bd32]
V  [jvm.dll+0x301fa6]
V  [jvm.dll+0x309546]
V  [jvm.dll+0x359d2e]
V  [jvm.dll+0x359f5f]
V  [jvm.dll+0x2d9078]
V  [jvm.dll+0x2d9fe4]
V  [jvm.dll+0x7aca21]
V  [jvm.dll+0x367591]
V  [jvm.dll+0x78b999]
V  [jvm.dll+0x3ec83f]
V  [jvm.dll+0x3ee471]
C  [jli.dll+0x5297]
C  [ucrtbase.dll+0x37b0]
C  [KERNEL32.DLL+0x2e957]
C  [ntdll.dll+0x427c]


---------------  P R O C E S S  ---------------

Threads class SMR info:
_java_thread_list=0x00007ff89bf47a18, length=0, elements={
}

Java Threads: ( => current thread )

Other Threads:
  0x0000025446a15d20 GCTaskThread "GC Thread#0" [stack: 0x000000d66fa00000,0x000000d66fb00000] [id=19856]
  0x0000025446a45160 ConcurrentGCThread "G1 Main Marker" [stack: 0x000000d66fb00000,0x000000d66fc00000] [id=20056]
  0x0000025446a48e00 ConcurrentGCThread "G1 Conc#0" [stack: 0x000000d66fc00000,0x000000d66fd00000] [id=1864]

[error occurred during error reporting (printing all threads), id 0xc0000005, EXCEPTION_ACCESS_VIOLATION (0xc0000005) at pc=0x00007ff89b779b67]

VM state: not at safepoint (not fully initialized)

VM Mutex/Monitor currently owned by a thread:  ([mutex/lock_event])
[0x00000254469bc340] Heap_lock - owner thread: 0x000002544489a070

Heap address: 0x0000000084000000, size: 1984 MB, Compressed Oops mode: 32-bit

CDS archive(s) mapped at: [0x0000000000000000-0x0000000000000000-0x0000000000000000), size 0, SharedBaseAddress: 0x0000000800000000, ArchiveRelocationMode: 1.
Narrow klass base: 0x0000000000000000, Narrow klass shift: 0, Narrow klass range: 0x0

GC Precious Log:
<Empty>

Heap:
 garbage-first heap   total 0K, used 0K [0x0000000084000000, 0x0000000100000000)
  region size 1024K, 0 young (0K), 0 survivors (0K)

[error occurred during error reporting (printing heap information), id 0xc0000005, EXCEPTION_ACCESS_VIOLATION (0xc0000005) at pc=0x00007ff89bb63859]

GC Heap History (0 events):
No events

Deoptimization events (0 events):
No events

Classes unloaded (0 events):
No events

Classes redefined (0 events):
No events

Internal exceptions (0 events):
No events

VM Operations (0 events):
No events

Events (1 events):
Event: 0.040 Loaded shared library C:\Program Files\Java\jdk-17\bin\java.dll


Dynamic libraries:
0x00007ff69f3f0000 - 0x00007ff69f400000 	C:\Program Files\Java\jdk-17\bin\java.exe
0x00007ff912600000 - 0x00007ff912867000 	C:\WINDOWS\SYSTEM32\ntdll.dll
0x00007ff9114b0000 - 0x00007ff911579000 	C:\WINDOWS\System32\KERNEL32.DLL
0x00007ff90ff50000 - 0x00007ff910347000 	C:\WINDOWS\System32\KERNELBASE.dll
0x00007ff90f0c0000 - 0x00007ff90f20b000 	C:\WINDOWS\System32\ucrtbase.dll
0x00007ff8d39e0000 - 0x00007ff8d39fb000 	C:\Program Files\Java\jdk-17\bin\VCRUNTIME140.dll
0x00007ff8d2e40000 - 0x00007ff8d2e59000 	C:\Program Files\Java\jdk-17\bin\jli.dll
0x00007ff9106b0000 - 0x00007ff910766000 	C:\WINDOWS\System32\ADVAPI32.dll
0x00007ff910f60000 - 0x00007ff911009000 	C:\WINDOWS\System32\msvcrt.dll
0x00007ff910380000 - 0x00007ff910427000 	C:\WINDOWS\System32\sechost.dll
0x00007ff911580000 - 0x00007ff911698000 	C:\WINDOWS\System32\RPCRT4.dll
0x00007ff9122f0000 - 0x00007ff9124b6000 	C:\WINDOWS\System32\USER32.dll
0x00007ff8f5740000 - 0x00007ff8f59d2000 	C:\WINDOWS\WinSxS\amd64_microsoft.windows.common-controls_6595b64144ccf1df_6.0.26100.8457_none_3e0b2faee331e92d\COMCTL32.dll
0x00007ff910350000 - 0x00007ff910377000 	C:\WINDOWS\System32\win32u.dll
0x00007ff9116a0000 - 0x00007ff9116cb000 	C:\WINDOWS\System32\GDI32.dll
0x00007ff90fa80000 - 0x00007ff90fbac000 	C:\WINDOWS\System32\gdi32full.dll
0x00007ff90fea0000 - 0x00007ff90ff43000 	C:\WINDOWS\System32\msvcp_win.dll
0x00007ff9086e0000 - 0x00007ff9086eb000 	C:\WINDOWS\SYSTEM32\VERSION.dll
0x00007ff9104d0000 - 0x00007ff910502000 	C:\WINDOWS\System32\IMM32.DLL
0x00007ff900600000 - 0x00007ff90060c000 	C:\Program Files\Java\jdk-17\bin\vcruntime140_1.dll
0x00007ff8cff20000 - 0x00007ff8cffae000 	C:\Program Files\Java\jdk-17\bin\msvcp140.dll
0x00007ff89b490000 - 0x00007ff89c070000 	C:\Program Files\Java\jdk-17\bin\server\jvm.dll
0x00007ff910bc0000 - 0x00007ff910bc8000 	C:\WINDOWS\System32\PSAPI.DLL
0x00007ff909d10000 - 0x00007ff909d1a000 	C:\WINDOWS\SYSTEM32\WSOCK32.dll
0x00007ff906270000 - 0x00007ff9062a6000 	C:\WINDOWS\SYSTEM32\WINMM.dll
0x00007ff910430000 - 0x00007ff9104b0000 	C:\WINDOWS\System32\WS2_32.dll
0x00007ff90ddc0000 - 0x00007ff90dddb000 	C:\WINDOWS\SYSTEM32\kernel.appcore.dll
0x00007ff8ffc70000 - 0x00007ff8ffc7a000 	C:\Program Files\Java\jdk-17\bin\jimage.dll
0x00007ff90cf20000 - 0x00007ff90d162000 	C:\WINDOWS\SYSTEM32\DBGHELP.DLL
0x00007ff911120000 - 0x00007ff9114a3000 	C:\WINDOWS\System32\combase.dll
0x00007ff910c50000 - 0x00007ff910d29000 	C:\WINDOWS\System32\OLEAUT32.dll
0x00007ff8f19a0000 - 0x00007ff8f19db000 	C:\WINDOWS\SYSTEM32\dbgcore.DLL
0x00007ff90fdf0000 - 0x00007ff90fe98000 	C:\WINDOWS\System32\bcryptPrimitives.dll
0x00007ff8d39b0000 - 0x00007ff8d39d5000 	C:\Program Files\Java\jdk-17\bin\java.dll

dbghelp: loaded successfully - version: 4.0.5 - missing functions: none
symbol engine: initialized successfully - sym options: 0x614 - pdb path: .;C:\Program Files\Java\jdk-17\bin;C:\WINDOWS\SYSTEM32;C:\WINDOWS\WinSxS\amd64_microsoft.windows.common-controls_6595b64144ccf1df_6.0.26100.8457_none_3e0b2faee331e92d;C:\Program Files\Java\jdk-17\bin\server

VM Arguments:
jvm_args: -Dfile.encoding=UTF-8 --module-path=C:\Users\AL SYED COMPUTER\Documents\NetBeansProjects\Bank Management\build\classes 
java_command: bank.management.SignupThree
java_class_path (initial): C:\Users\AL SYED COMPUTER\Downloads\mysql-connector-java-8.0.28.jar;C:\Users\AL SYED COMPUTER\Documents\NetBeansProjects\Bank Management\build\classes
Launcher Type: SUN_STANDARD

[Global flags]
     intx CICompilerCount                          = 4                                         {product} {ergonomic}
     uint ConcGCThreads                            = 2                                         {product} {ergonomic}
     uint G1ConcRefinementThreads                  = 8                                         {product} {ergonomic}
   size_t G1HeapRegionSize                         = 1048576                                   {product} {ergonomic}
    uintx GCDrainStackTargetSize                   = 64                                        {product} {ergonomic}
   size_t InitialHeapSize                          = 130023424                                 {product} {ergonomic}
   size_t MarkStackSize                            = 4194304                                   {product} {ergonomic}
   size_t MaxHeapSize                              = 2080374784                                {product} {ergonomic}
   size_t MinHeapDeltaBytes                        = 1048576                                   {product} {ergonomic}
   size_t MinHeapSize                              = 8388608                                   {product} {ergonomic}
    uintx NonNMethodCodeHeapSize                   = 5839372                                {pd product} {ergonomic}
    uintx NonProfiledCodeHeapSize                  = 122909434                              {pd product} {ergonomic}
    uintx ProfiledCodeHeapSize                     = 122909434                              {pd product} {ergonomic}
    uintx ReservedCodeCacheSize                    = 251658240                              {pd product} {ergonomic}
     bool SegmentedCodeCache                       = true                                      {product} {ergonomic}
   size_t SoftMaxHeapSize                          = 2080374784                             {manageable} {ergonomic}
     bool UseCompressedClassPointers               = true                           {product lp64_product} {ergonomic}
     bool UseCompressedOops                        = true                           {product lp64_product} {ergonomic}
     bool UseG1GC                                  = true                                      {product} {ergonomic}
     bool UseLargePagesIndividualAllocation        = false                                  {pd product} {ergonomic}

Logging:
Log output configuration:
 #0: stdout all=warning uptime,level,tags
 #1: stderr all=off uptime,level,tags

Environment Variables:
PATH=C:\Program Files\Common Files\Oracle\Java\javapath;C:\Program Files (x86)\Common Files\Oracle\Java\javapath;C:\WINDOWS\system32;C:\WINDOWS;C:\WINDOWS\System32\Wbem;C:\WINDOWS\System32\WindowsPowerShell\v1.0\;C:\WINDOWS\System32\OpenSSH\;C:\Program Files\dotnet\;C:\Program Files\Java\jdk-17\bin;C:\Program Files\MySQL\MySQL Shell 8.0\bin\;C:\Users\AL SYED COMPUTER\AppData\Local\Microsoft\WindowsApps;
USERNAME=AL SYED COMPUTER
OS=Windows_NT
PROCESSOR_IDENTIFIER=Intel64 Family 6 Model 140 Stepping 1, GenuineIntel



---------------  S Y S T E M  ---------------

OS:
 Windows 11 , 64 bit Build 26100 (10.0.26100.8328)
OS uptime: 0 days 14:20 hours

CPU: total 8 (initial active 8) (4 cores per cpu, 2 threads per core) family 6 model 140 stepping 1 microcode 0xbe, cx8, cmov, fxsr, ht, mmx, 3dnowpref, sse, sse2, sse3, ssse3, sse4.1, sse4.2, popcnt, lzcnt, tsc, tscinvbit, avx, avx2, aes, erms, clmul, bmi1, bmi2, adx, avx512f, avx512dq, avx512cd, avx512bw, avx512vl, sha, fma, vzeroupper, avx512_vpopcntdq, avx512_vpclmulqdq, avx512_vaes, avx512_vnni, clflush, clflushopt, clwb, avx512_vbmi2, avx512_vbmi

Memory: 4k page, system-wide physical 7934M (597M free)
TotalPageFile size 22808M (AvailPageFile size 55M)
current process WorkingSet (physical memory assigned to process): 12M, peak: 12M
current process commit charge ("private bytes"): 60M, peak: 184M

vm_info: Java HotSpot(TM) 64-Bit Server VM (17.0.12+8-LTS-286) for windows-amd64 JRE (17.0.12+8-LTS-286), built on Jun  5 2024 06:46:59 by "mach5one" with MS VC++ 17.6 (VS2022)

END.
